2018-03-07 11:38:43,416 - public.log - DEBUG - 开始调用
2018-03-07 11:38:43,917 - public.log - DEBUG - 调用结束
2018-03-07 11:38:43,918 - public.log - DEBUG - 开始调用
2018-03-07 11:38:44,091 - public.log - DEBUG - 调用结束
2018-03-07 11:38:44,091 - public.log - DEBUG - 开始调用
2018-03-07 11:38:44,247 - public.log - DEBUG - 调用结束
2018-03-07 14:27:46,099 - public.log - DEBUG - 当前模块名称--接口发送请求
2018-03-07 14:27:46,099 - public.log - DEBUG - 开始调用
2018-03-07 14:27:46,586 - public.log - DEBUG - 当前模块名称--接口发送请求
2018-03-07 14:27:46,586 - public.log - DEBUG - 开始调用
2018-03-07 14:27:46,683 - public.log - DEBUG - 当前模块名称--接口发送请求
2018-03-07 14:27:46,683 - public.log - DEBUG - 开始调用
2018-03-07 14:33:26,514 - public.log - DEBUG - 当前模块名称--接口发送请求
2018-03-07 14:33:26,514 - public.log - DEBUG - 开始调用
2018-03-07 14:33:26,939 - public.log - INFO - {"code":-999,"descs":"用户帐号不存在，请注册."}
2018-03-07 14:33:26,940 - public.log - DEBUG - 当前模块名称--接口发送请求
2018-03-07 14:33:26,940 - public.log - DEBUG - 开始调用
2018-03-07 14:33:27,020 - public.log - INFO - 
2018-03-07 14:33:27,021 - public.log - DEBUG - 当前模块名称--接口发送请求
2018-03-07 14:33:27,021 - public.log - DEBUG - 开始调用
2018-03-07 14:33:27,209 - public.log - INFO - {"code":0,"descs":"修改成功","timestamp":1520404404215}
2018-03-07 14:34:07,941 - public.log - DEBUG - 当前模块名称--接口发送请求
2018-03-07 14:34:07,941 - public.log - DEBUG - 开始调用
2018-03-07 14:34:08,305 - public.log - INFO - 接口返回数据：{"code":-999,"descs":"用户帐号不存在，请注册."}
2018-03-07 14:34:08,306 - public.log - DEBUG - 当前模块名称--接口发送请求
2018-03-07 14:34:08,306 - public.log - DEBUG - 开始调用
2018-03-07 14:34:08,396 - public.log - INFO - 接口返回数据：
2018-03-07 14:34:08,396 - public.log - DEBUG - 当前模块名称--接口发送请求
2018-03-07 14:34:08,397 - public.log - DEBUG - 开始调用
2018-03-07 14:34:08,582 - public.log - INFO - 接口返回数据：{"code":0,"descs":"修改成功","timestamp":1520404445608}
2018-03-07 14:40:37,609 - public.log - DEBUG - 当前模块名称--接口发送请求
2018-03-07 14:40:37,610 - public.log - INFO - 开始调用接口测试用例id-大白菜登录，登录用户名正确，密码正确
2018-03-07 14:40:37,985 - public.log - INFO - 接口返回数据：{"code":-999,"descs":"用户帐号不存在，请注册."}
2018-03-07 14:40:37,985 - public.log - DEBUG - 当前模块名称--接口发送请求
2018-03-07 14:40:37,986 - public.log - INFO - 开始调用接口测试用例id-大白菜登录退出
2018-03-07 14:40:38,079 - public.log - INFO - 接口返回数据：
2018-03-07 14:40:38,079 - public.log - DEBUG - 当前模块名称--接口发送请求
2018-03-07 14:40:38,080 - public.log - INFO - 开始调用接口测试用例id-修改订单时间
2018-03-07 14:40:38,262 - public.log - INFO - 接口返回数据：{"code":0,"descs":"修改成功","timestamp":1520404835267}
2018-03-07 14:42:42,174 - public.log - DEBUG - 当前模块名称--接口发送请求
2018-03-07 14:42:42,174 - public.log - INFO - 开始调用接口测试用例id-1
2018-03-07 14:42:42,535 - public.log - INFO - 接口返回数据：{"code":-999,"descs":"用户帐号不存在，请注册."}
2018-03-07 14:42:42,536 - public.log - DEBUG - 当前模块名称--接口发送请求
2018-03-07 14:42:42,536 - public.log - INFO - 开始调用接口测试用例id-2
2018-03-07 14:42:42,654 - public.log - INFO - 接口返回数据：
2018-03-07 14:42:42,654 - public.log - DEBUG - 当前模块名称--接口发送请求
2018-03-07 14:42:42,655 - public.log - INFO - 开始调用接口测试用例id-3
2018-03-07 14:42:42,845 - public.log - INFO - 接口返回数据：{"code":0,"descs":"修改成功","timestamp":1520404959840}
2018-03-07 16:17:52,490 - public.log - DEBUG - 当前模块名称--接口发送请求
2018-03-07 16:17:52,490 - public.log - INFO - 开始调用接口测试用例id-1
2018-03-07 16:17:52,974 - public.log - INFO - 接口返回数据：{"code":-999,"descs":"用户帐号不存在，请注册."}
2018-03-07 16:17:52,977 - public.log - DEBUG - 当前模块名称--接口发送请求
2018-03-07 16:17:52,977 - public.log - INFO - 开始调用接口测试用例id-2
2018-03-07 16:17:53,059 - public.log - INFO - 接口返回数据：
2018-03-07 16:17:53,061 - public.log - DEBUG - 当前模块名称--接口发送请求
2018-03-07 16:17:53,061 - public.log - INFO - 开始调用接口测试用例id-3
2018-03-07 16:17:53,268 - public.log - INFO - 接口返回数据：{"code":0,"descs":"修改成功","timestamp":1520410670165}
2018-03-07 16:52:47,536 - public.log - DEBUG - 当前模块名称--接口发送请求
2018-03-07 16:52:47,536 - public.log - INFO - 开始调用接口测试用例id-1
2018-03-07 16:52:48,012 - public.log - INFO - 接口返回数据：{"code":-999,"descs":"用户帐号不存在，请注册."}
2018-03-07 16:52:48,016 - public.log - DEBUG - 当前模块名称--接口发送请求
2018-03-07 16:52:48,016 - public.log - INFO - 开始调用接口测试用例id-2
2018-03-07 16:52:48,116 - public.log - INFO - 接口返回数据：
2018-03-07 16:52:48,117 - public.log - DEBUG - 当前模块名称--接口发送请求
2018-03-07 16:52:48,118 - public.log - INFO - 开始调用接口测试用例id-3
2018-03-07 16:52:48,432 - public.log - INFO - 接口返回数据：{"code":0,"descs":"修改成功","timestamp":1520412765173}
2018-03-07 17:33:15,579 - public.log - DEBUG - 当前模块名称--开始解析测试用例
2018-03-07 17:33:15,594 - public.log - DEBUG - 当前模块名称--接口发送请求
2018-03-07 17:33:15,594 - public.log - INFO - 开始调用接口测试用例id-1
2018-03-07 17:33:15,982 - public.log - INFO - 接口返回数据：{"code":-999,"descs":"用户帐号不存在，请注册."}
2018-03-07 17:33:15,983 - public.log - DEBUG - 当前模块名称--接口发送请求
2018-03-07 17:33:15,983 - public.log - INFO - 开始调用接口测试用例id-2
2018-03-07 17:33:16,072 - public.log - INFO - 接口返回数据：
2018-03-07 17:33:16,073 - public.log - DEBUG - 当前模块名称--接口发送请求
2018-03-07 17:33:16,073 - public.log - INFO - 开始调用接口测试用例id-3
2018-03-07 17:33:16,263 - public.log - INFO - 接口返回数据：{"code":0,"descs":"修改成功","timestamp":1520415193074}
2018-03-07 17:34:02,324 - public.log - DEBUG - 当前执行步骤--开始解析测试用例
2018-03-07 17:34:02,340 - public.log - DEBUG - 当前执行步骤--接口发送请求
2018-03-07 17:34:02,340 - public.log - INFO - 开始调用接口测试用例id-1
2018-03-07 17:34:02,781 - public.log - INFO - 接口返回数据：{"code":-999,"descs":"用户帐号不存在，请注册."}
2018-03-07 17:34:02,784 - public.log - DEBUG - 当前执行步骤--接口发送请求
2018-03-07 17:34:02,784 - public.log - INFO - 开始调用接口测试用例id-2
2018-03-07 17:34:02,871 - public.log - INFO - 接口返回数据：
2018-03-07 17:34:02,871 - public.log - DEBUG - 当前执行步骤--接口发送请求
2018-03-07 17:34:02,871 - public.log - INFO - 开始调用接口测试用例id-3
2018-03-07 17:34:03,054 - public.log - INFO - 接口返回数据：{"code":0,"descs":"修改成功","timestamp":1520415239867}
